<?xml version="1.0" encoding="UTF-8"?>
<!-- Generated by org.testng.reporters.JUnitXMLReporter -->
<testsuite hostname="TYSS-Sumanth" ignored="0" name="Test2" tests="5" failures="2" timestamp="2022-07-19T17:06:06 IST" time="25.312" errors="0">
  <testcase name="createUser" time="8.905" classname="advancedConcepts.TC_SR_User_010"/>
  <testcase name="createUser" time="11.534" classname="advancedConcepts.TC_SR_User_009"/>
  <testcase name="createUser" time="4.811" classname="advancedConcepts.TC_SR_User_008">
    <failure type="java.lang.ArithmeticException" message="/ by zero">
      <![CDATA[java.lang.ArithmeticException: / by zero
at advancedConcepts.TC_SR_User_008.createUser(TC_SR_User_008.java:21)
at java.util.ArrayList.forEach(Unknown Source)
at java.util.concurrent.FutureTask.run(Unknown Source)
at java.util.concurrent.ThreadPoolExecutor.runWorker(Unknown Source)
at java.util.concurrent.ThreadPoolExecutor$Worker.run(Unknown Source)
at java.lang.Thread.run(Unknown Source)
... Removed 18 stack frames]]>
    </failure>
  </testcase> <!-- createUser -->
  <testcase name="createUser" time="0.0" classname="advancedConcepts.TC_SR_User_007">
    <failure type="org.testng.TestNGException" message="
Cannot inject @Test annotated Method [createUser] with [class java.lang.String].
For more information on native dependency injection please refer to https://testng.org/doc/documentation-main.html#native-dependency-injection">
      <![CDATA[org.testng.TestNGException: 
Cannot inject @Test annotated Method [createUser] with [class java.lang.String].
For more information on native dependency injection please refer to https://testng.org/doc/documentation-main.html#native-dependency-injection
at java.util.ArrayList.forEach(Unknown Source)
at java.util.concurrent.FutureTask.run(Unknown Source)
at java.util.concurrent.ThreadPoolExecutor.runWorker(Unknown Source)
at java.util.concurrent.ThreadPoolExecutor$Worker.run(Unknown Source)
at java.lang.Thread.run(Unknown Source)
... Removed 17 stack frames]]>
    </failure>
  </testcase> <!-- createUser -->
  <testcase name="createUser" time="0.0" classname="advancedConcepts.TC_SR_User_006">
    <skipped/>
  </testcase> <!-- createUser -->
</testsuite> <!-- Test2 -->
