<?xml version="1.0" encoding="UTF-8"?>
<testng-results skipped="0" failed="1" ignored="0" total="1" passed="0">
  <reporter-output>
    <line>
      <![CDATA[Hi]]>
    </line>
    <line>
      <![CDATA[katam tata bye bye , better luck nect time]]>
    </line>
    <line>
      <![CDATA[Close]]>
    </line>
  </reporter-output>
  <suite name="Default suite" duration-ms="35112" started-at="2022-07-26T16:46:29 IST" finished-at="2022-07-26T16:47:04 IST">
    <groups>
    </groups>
    <test name="Default test" duration-ms="35112" started-at="2022-07-26T16:46:29 IST" finished-at="2022-07-26T16:47:04 IST">
      <class name="testScripts.TC_Electronics_ST_002">
        <test-method status="PASS" signature="Browser_Setup(java.lang.String)[pri:0, instance:testScripts.TC_Electronics_ST_002@3712b94]" name="Browser_Setup" is-config="true" duration-ms="31819" started-at="2022-07-26T16:46:29 IST" finished-at="2022-07-26T16:47:01 IST">
          <params>
            <param index="0">
              <value>
                <![CDATA[Chrome]]>
              </value>
            </param>
          </params>
          <reporter-output>
          </reporter-output>
        </test-method> <!-- Browser_Setup -->
        <test-method status="FAIL" signature="addMobileCoverToCartListener()[pri:0, instance:testScripts.TC_Electronics_ST_002@3712b94]" name="addMobileCoverToCartListener" duration-ms="12" started-at="2022-07-26T16:47:01 IST" finished-at="2022-07-26T16:47:01 IST">
          <exception class="java.lang.ArithmeticException">
            <message>
              <![CDATA[/ by zero]]>
            </message>
            <full-stacktrace>
              <![CDATA[java.lang.ArithmeticException: / by zero
at testScripts.TC_Electronics_ST_002.addMobileCoverToCartListener(TC_Electronics_ST_002.java:17)
at sun.reflect.NativeMethodAccessorImpl.invoke0(Native Method)
at sun.reflect.NativeMethodAccessorImpl.invoke(Unknown Source)
at sun.reflect.DelegatingMethodAccessorImpl.invoke(Unknown Source)
at java.lang.reflect.Method.invoke(Unknown Source)
at org.testng.internal.MethodInvocationHelper.invokeMethod(MethodInvocationHelper.java:132)
at org.testng.internal.TestInvoker.invokeMethod(TestInvoker.java:599)
at org.testng.internal.TestInvoker.invokeTestMethod(TestInvoker.java:174)
at org.testng.internal.MethodRunner.runInSequence(MethodRunner.java:46)
at org.testng.internal.TestInvoker$MethodInvocationAgent.invoke(TestInvoker.java:822)
at org.testng.internal.TestInvoker.invokeTestMethods(TestInvoker.java:147)
at org.testng.internal.TestMethodWorker.invokeTestMethods(TestMethodWorker.java:146)
at org.testng.internal.TestMethodWorker.run(TestMethodWorker.java:128)
at java.util.ArrayList.forEach(Unknown Source)
at org.testng.TestRunner.privateRun(TestRunner.java:764)
at org.testng.TestRunner.run(TestRunner.java:585)
at org.testng.SuiteRunner.runTest(SuiteRunner.java:384)
at org.testng.SuiteRunner.runSequentially(SuiteRunner.java:378)
at org.testng.SuiteRunner.privateRun(SuiteRunner.java:337)
at org.testng.SuiteRunner.run(SuiteRunner.java:286)
at org.testng.SuiteRunnerWorker.runSuite(SuiteRunnerWorker.java:53)
at org.testng.SuiteRunnerWorker.run(SuiteRunnerWorker.java:96)
at org.testng.TestNG.runSuitesSequentially(TestNG.java:1218)
at org.testng.TestNG.runSuitesLocally(TestNG.java:1140)
at org.testng.TestNG.runSuites(TestNG.java:1069)
at org.testng.TestNG.run(TestNG.java:1037)
at org.testng.remote.AbstractRemoteTestNG.run(AbstractRemoteTestNG.java:115)
at org.testng.remote.RemoteTestNG.initAndRun(RemoteTestNG.java:251)
at org.testng.remote.RemoteTestNG.main(RemoteTestNG.java:77)
]]>
            </full-stacktrace>
          </exception> <!-- java.lang.ArithmeticException -->
          <reporter-output>
            <line>
              <![CDATA[Hi]]>
            </line>
            <line>
              <![CDATA[katam tata bye bye , better luck nect time]]>
            </line>
          </reporter-output>
        </test-method> <!-- addMobileCoverToCartListener -->
        <test-method status="PASS" signature="Browser_tear_down(org.testng.ITestResult)[pri:0, instance:testScripts.TC_Electronics_ST_002@3712b94]" name="Browser_tear_down" is-config="true" duration-ms="2782" started-at="2022-07-26T16:47:01 IST" finished-at="2022-07-26T16:47:04 IST">
          <params>
            <param index="0">
              <value>
                <![CDATA[[TestResult name=addMobileCoverToCartListener status=FAILURE method=TC_Electronics_ST_002.addMobileCoverToCartListener()[pri:0, instance:testScripts.TC_Electronics_ST_002@3712b94] output=Hi]]]>
              </value>
            </param>
          </params>
          <reporter-output>
            <line>
              <![CDATA[Close]]>
            </line>
          </reporter-output>
        </test-method> <!-- Browser_tear_down -->
      </class> <!-- testScripts.TC_Electronics_ST_002 -->
    </test> <!-- Default test -->
  </suite> <!-- Default suite -->
</testng-results>
